0 info it worked if it ends with ok
1 verbose cli [ 'node', '/usr/bin/npm', 'publish' ]
2 info using npm@2.5.1
3 info using node@v0.10.25
4 verbose node symlink /usr/bin/node
5 verbose publish [ '.' ]
6 silly cache add args [ '.', null ]
7 verbose cache add spec .
8 silly cache add parsed spec { raw: '.',
8 silly cache add   scope: null,
8 silly cache add   name: null,
8 silly cache add   rawSpec: '.',
8 silly cache add   spec: '/home/student/censorify',
8 silly cache add   type: 'directory' }
9 verbose addLocalDirectory /home/student/.npm/censorify/0.1.1/package.tgz not in flight; packing
10 verbose tar pack [ '/home/student/.npm/censorify/0.1.1/package.tgz',
10 verbose tar pack   '/home/student/censorify' ]
11 verbose tarball /home/student/.npm/censorify/0.1.1/package.tgz
12 verbose folder /home/student/censorify
13 info prepublish censorify@0.1.1
14 verbose addLocalTarball adding from inside cache /home/student/.npm/censorify/0.1.1/package.tgz
15 silly cache afterAdd censorify@0.1.1
16 verbose afterAdd /home/student/.npm/censorify/0.1.1/package/package.json not in flight; writing
17 verbose afterAdd /home/student/.npm/censorify/0.1.1/package/package.json written
18 silly publish { author: { name: 'Brad Dayley' },
18 silly publish   name: 'censorify',
18 silly publish   version: '0.1.1',
18 silly publish   description: 'Censors words out of text',
18 silly publish   main: 'censortext',
18 silly publish   repository:
18 silly publish    { type: 'git',
18 silly publish      url: 'https://github.com/deetu/censorufy/blob/master/censortext.js' },
18 silly publish   keywords: [ 'censor', 'words' ],
18 silly publish   dependencies: {},
18 silly publish   engines: { node: '*' },
18 silly publish   readme: 'Hello, how you doing',
18 silly publish   readmeFilename: 'README.md',
18 silly publish   gitHead: 'ff797bbb9688d1a340b3b2386a3e9bfbae37639f',
18 silly publish   _id: 'censorify@0.1.1',
18 silly publish   scripts: {},
18 silly publish   _shasum: '0591568233a4df64e01dc677512c86ddbaa5d354',
18 silly publish   _from: '.' }
19 silly mapToRegistry name censorify
20 silly mapToRegistry using default registry
21 silly mapToRegistry registry https://registry.npmjs.org/
22 silly mapToRegistry uri https://registry.npmjs.org/censorify
23 verbose publish registryBase https://registry.npmjs.org/
24 silly publish uploading /home/student/.npm/censorify/0.1.1/package.tgz
25 verbose request uri https://registry.npmjs.org/censorify
26 verbose request sending authorization for write operation
27 info attempt registry request try #1 at 17:12:29
28 verbose request id 2264f00b1cd71ec9
29 http request PUT https://registry.npmjs.org/censorify
30 http 403 https://registry.npmjs.org/censorify
31 verbose headers { date: 'Fri, 13 Feb 2015 17:19:16 GMT',
31 verbose headers   server: 'CouchDB/1.5.0 (Erlang OTP/R16B03)',
31 verbose headers   'content-type': 'application/json',
31 verbose headers   'cache-control': 'max-age=60',
31 verbose headers   'content-length': '1856',
31 verbose headers   'accept-ranges': 'bytes',
31 verbose headers   via: '1.1 varnish',
31 verbose headers   'x-served-by': 'cache-lhr6322-LHR',
31 verbose headers   'x-cache': 'MISS',
31 verbose headers   'x-cache-hits': '0',
31 verbose headers   'x-timer': 'S1423847956.791100,VS0,VE169',
31 verbose headers   'keep-alive': 'timeout=10, max=50',
31 verbose headers   connection: 'Keep-Alive' }
32 verbose request invalidating /home/student/.npm/registry.npmjs.org/censorify on PUT
33 error publish Failed PUT 403
34 verbose stack Error: forbidden cannot modify pre-existing version: 0.1.1
34 verbose stack old={"author":{"name":"Brad Dayley"},"name":"censorify","version":"0.1.1","description":"Censors words out of text","main":"censortext","repository":{"type":"git","url":"https://github.com/sisingh/nodebook-ch03-censorify"},"keywords":["censor","words"],"dependencies":{},"engines":{"node":"*"},"bugs":{"url":"https://github.com/sisingh/nodebook-ch03-censorify/issues"},"homepage":"https://github.com/sisingh/nodebook-ch03-censorify","_id":"censorify@0.1.1","dist":{"shasum":"359a8af77858685bf2926c93ec3fb582ae704aa9","tarball":"http://registry.npmjs.org/censorify/-/censorify-0.1.1.tgz"},"_from":".","_npmVersion":"1.3.21","_npmUser":{"name":"sisingh","email":"singh_siddhu@yahoo.com"},"maintainers":[{"name":"sisingh","email":"singh_siddhu@yahoo.com"}]}
34 verbose stack new={"author":{"name":"Brad Dayley"},"name":"censorify","version":"0.1.1","description":"Censors words out of text","main":"censortext","repository":{"type":"git","url":"https://github.com/deetu/censorufy/blob/master/censortext.js"},"keywords":["censor","words"],"dependencies":{},"engines":{"node":"*"},"readme":"Hello, how you doing","readmeFilename":"README.md","gitHead":"ff797bbb9688d1a340b3b2386a3e9bfbae37639f","_id":"censorify@0.1.1","scripts":{},"_shasum":"0591568233a4df64e01dc677512c86ddbaa5d354","_from":".","_npmVersion":"2.5.1","_nodeVersion":"0.10.25","_npmUser":{"name":"deetu","email":"deetu02@gmail.com"},"maintainers":[{"name":"deetu","email":"deetu02@gmail.com"}],"dist":{"shasum":"0591568233a4df64e01dc677512c86ddbaa5d354","tarball":"http://registry.npmjs.org/censorify/-/censorify-0.1.1.tgz"}}: censorify
34 verbose stack     at CachingRegistryClient.<anonymous> (/usr/lib/node_modules/npm/node_modules/npm-registry-client/lib/request.js:254:14)
34 verbose stack     at Request._callback (/usr/lib/node_modules/npm/node_modules/npm-registry-client/lib/request.js:178:14)
34 verbose stack     at Request.self.callback (/usr/lib/node_modules/npm/node_modules/request/request.js:344:22)
34 verbose stack     at Request.EventEmitter.emit (events.js:98:17)
34 verbose stack     at Request.<anonymous> (/usr/lib/node_modules/npm/node_modules/request/request.js:1239:14)
34 verbose stack     at Request.EventEmitter.emit (events.js:117:20)
34 verbose stack     at IncomingMessage.<anonymous> (/usr/lib/node_modules/npm/node_modules/request/request.js:1187:12)
34 verbose stack     at IncomingMessage.EventEmitter.emit (events.js:117:20)
34 verbose stack     at _stream_readable.js:920:16
34 verbose stack     at process._tickCallback (node.js:415:13)
35 verbose statusCode 403
36 verbose pkgid censorify
37 verbose cwd /home/student/censorify
38 error Linux 3.13.0-45-generic
39 error argv "node" "/usr/bin/npm" "publish"
40 error node v0.10.25
41 error npm  v2.5.1
42 error code E403
43 error forbidden cannot modify pre-existing version: 0.1.1
43 error old={"author":{"name":"Brad Dayley"},"name":"censorify","version":"0.1.1","description":"Censors words out of text","main":"censortext","repository":{"type":"git","url":"https://github.com/sisingh/nodebook-ch03-censorify"},"keywords":["censor","words"],"dependencies":{},"engines":{"node":"*"},"bugs":{"url":"https://github.com/sisingh/nodebook-ch03-censorify/issues"},"homepage":"https://github.com/sisingh/nodebook-ch03-censorify","_id":"censorify@0.1.1","dist":{"shasum":"359a8af77858685bf2926c93ec3fb582ae704aa9","tarball":"http://registry.npmjs.org/censorify/-/censorify-0.1.1.tgz"},"_from":".","_npmVersion":"1.3.21","_npmUser":{"name":"sisingh","email":"singh_siddhu@yahoo.com"},"maintainers":[{"name":"sisingh","email":"singh_siddhu@yahoo.com"}]}
43 error new={"author":{"name":"Brad Dayley"},"name":"censorify","version":"0.1.1","description":"Censors words out of text","main":"censortext","repository":{"type":"git","url":"https://github.com/deetu/censorufy/blob/master/censortext.js"},"keywords":["censor","words"],"dependencies":{},"engines":{"node":"*"},"readme":"Hello, how you doing","readmeFilename":"README.md","gitHead":"ff797bbb9688d1a340b3b2386a3e9bfbae37639f","_id":"censorify@0.1.1","scripts":{},"_shasum":"0591568233a4df64e01dc677512c86ddbaa5d354","_from":".","_npmVersion":"2.5.1","_nodeVersion":"0.10.25","_npmUser":{"name":"deetu","email":"deetu02@gmail.com"},"maintainers":[{"name":"deetu","email":"deetu02@gmail.com"}],"dist":{"shasum":"0591568233a4df64e01dc677512c86ddbaa5d354","tarball":"http://registry.npmjs.org/censorify/-/censorify-0.1.1.tgz"}}: censorify
44 error If you need help, you may report this error at:
44 error     <http://github.com/npm/npm/issues>
45 verbose exit [ 1, true ]
